{"/Users/qulongjun/personal/shine-design-rebase/src/_variables.js": {"path":"/Users/qulongjun/personal/shine-design-rebase/src/_variables.js","statementMap":{"0":{"start":{"line":1,"column":0},"end":{"line":64,"column":2}}},"fnMap":{},"branchMap":{},"s":{"0":2},"f":{},"b":{},"_coverageSchema":"332fd63041d2c1bcb487cc26dd0d5f7d97098a6c","hash":"bbb8d9473080af76530d1e88795d000a7b9f896c"}
,"/Users/qulongjun/personal/shine-design-rebase/src/index.js": {"path":"/Users/qulongjun/personal/shine-design-rebase/src/index.js","statementMap":{"0":{"start":{"line":6,"column":19},"end":{"line":6,"column":31}},"1":{"start":{"line":8,"column":19},"end":{"line":8,"column":31}},"2":{"start":{"line":10,"column":24},"end":{"line":10,"column":41}},"3":{"start":{"line":12,"column":19},"end":{"line":12,"column":31}}},"fnMap":{},"branchMap":{},"s":{"0":2,"1":2,"2":2,"3":2},"f":{},"b":{},"_coverageSchema":"332fd63041d2c1bcb487cc26dd0d5f7d97098a6c","hash":"9f5bb37454fef9fa4a528a633d31f5f8c08ed39e"}
,"/Users/qulongjun/personal/shine-design-rebase/src/components/Grid/index.js": {"path":"/Users/qulongjun/personal/shine-design-rebase/src/components/Grid/index.js","statementMap":{},"fnMap":{},"branchMap":{},"s":{},"f":{},"b":{},"_coverageSchema":"332fd63041d2c1bcb487cc26dd0d5f7d97098a6c","hash":"e3862cdc07837546531a935f286451817fbc40da"}
,"/Users/qulongjun/personal/shine-design-rebase/src/components/Grid/Col/index.js": {"path":"/Users/qulongjun/personal/shine-design-rebase/src/components/Grid/Col/index.js","statementMap":{"0":{"start":{"line":16,"column":4},"end":{"line":16,"column":17}},"1":{"start":{"line":18,"column":4},"end":{"line":18,"column":53}},"2":{"start":{"line":28,"column":17},"end":{"line":28,"column":34}},"3":{"start":{"line":30,"column":4},"end":{"line":32,"column":5}},"4":{"start":{"line":31,"column":6},"end":{"line":31,"column":49}},"5":{"start":{"line":34,"column":23},"end":{"line":34,"column":25}},"6":{"start":{"line":35,"column":4},"end":{"line":39,"column":5}},"7":{"start":{"line":36,"column":6},"end":{"line":38,"column":9}},"8":{"start":{"line":37,"column":8},"end":{"line":37,"column":132}},"9":{"start":{"line":41,"column":4},"end":{"line":41,"column":22}},"10":{"start":{"line":46,"column":46},"end":{"line":46,"column":56}},"11":{"start":{"line":47,"column":20},"end":{"line":47,"column":46}},"12":{"start":{"line":49,"column":20},"end":{"line":52,"column":5}},"13":{"start":{"line":50,"column":39},"end":{"line":50,"column":62}},"14":{"start":{"line":53,"column":4},"end":{"line":60,"column":6}},"15":{"start":{"line":64,"column":0},"end":{"line":85,"column":2}},"16":{"start":{"line":87,"column":0},"end":{"line":93,"column":2}}},"fnMap":{"0":{"name":"(anonymous_0)","decl":{"start":{"line":15,"column":2},"end":{"line":15,"column":3}},"loc":{"start":{"line":15,"column":21},"end":{"line":19,"column":3}},"line":15},"1":{"name":"(anonymous_1)","decl":{"start":{"line":27,"column":2},"end":{"line":27,"column":3}},"loc":{"start":{"line":27,"column":22},"end":{"line":42,"column":3}},"line":27},"2":{"name":"(anonymous_2)","decl":{"start":{"line":36,"column":20},"end":{"line":36,"column":21}},"loc":{"start":{"line":36,"column":36},"end":{"line":38,"column":7}},"line":36},"3":{"name":"(anonymous_3)","decl":{"start":{"line":45,"column":2},"end":{"line":45,"column":3}},"loc":{"start":{"line":45,"column":11},"end":{"line":61,"column":3}},"line":45},"4":{"name":"(anonymous_4)","decl":{"start":{"line":50,"column":31},"end":{"line":50,"column":32}},"loc":{"start":{"line":50,"column":39},"end":{"line":50,"column":62}},"line":50}},"branchMap":{"0":{"loc":{"start":{"line":30,"column":4},"end":{"line":32,"column":5}},"type":"if","locations":[{"start":{"line":30,"column":4},"end":{"line":32,"column":5}},{"start":{"line":30,"column":4},"end":{"line":32,"column":5}}],"line":30},"1":{"loc":{"start":{"line":30,"column":8},"end":{"line":30,"column":44}},"type":"binary-expr","locations":[{"start":{"line":30,"column":8},"end":{"line":30,"column":24}},{"start":{"line":30,"column":28},"end":{"line":30,"column":44}}],"line":30},"2":{"loc":{"start":{"line":35,"column":4},"end":{"line":39,"column":5}},"type":"if","locations":[{"start":{"line":35,"column":4},"end":{"line":39,"column":5}},{"start":{"line":35,"column":4},"end":{"line":39,"column":5}}],"line":35},"3":{"loc":{"start":{"line":37,"column":24},"end":{"line":37,"column":130}},"type":"cond-expr","locations":[{"start":{"line":37,"column":52},"end":{"line":37,"column":86}},{"start":{"line":37,"column":89},"end":{"line":37,"column":130}}],"line":37}},"s":{"0":11,"1":11,"2":33,"3":33,"4":12,"5":21,"6":21,"7":3,"8":18,"9":21,"10":11,"11":11,"12":11,"13":33,"14":11,"15":2,"16":2},"f":{"0":11,"1":33,"2":18,"3":11,"4":33},"b":{"0":[12,21],"1":[33,30],"2":[3,18],"3":[3,15]},"_coverageSchema":"332fd63041d2c1bcb487cc26dd0d5f7d97098a6c","hash":"4bae5e50f074e03e862c81c749e40126d44e6979"}
,"/Users/qulongjun/personal/shine-design-rebase/src/components/Grid/Row/index.js": {"path":"/Users/qulongjun/personal/shine-design-rebase/src/components/Grid/Row/index.js","statementMap":{"0":{"start":{"line":15,"column":14},"end":{"line":15,"column":22}},"1":{"start":{"line":17,"column":14},"end":{"line":17,"column":41}},"2":{"start":{"line":19,"column":16},"end":{"line":19,"column":75}},"3":{"start":{"line":30,"column":8},"end":{"line":30,"column":18}},"4":{"start":{"line":33,"column":20},"end":{"line":41,"column":5}},"5":{"start":{"line":43,"column":4},"end":{"line":50,"column":6}},"6":{"start":{"line":54,"column":0},"end":{"line":65,"column":2}},"7":{"start":{"line":67,"column":0},"end":{"line":73,"column":2}}},"fnMap":{"0":{"name":"(anonymous_0)","decl":{"start":{"line":23,"column":2},"end":{"line":23,"column":3}},"loc":{"start":{"line":23,"column":11},"end":{"line":51,"column":3}},"line":23}},"branchMap":{},"s":{"0":2,"1":2,"2":2,"3":15,"4":15,"5":15,"6":2,"7":2},"f":{"0":15},"b":{},"_coverageSchema":"332fd63041d2c1bcb487cc26dd0d5f7d97098a6c","hash":"e37537c89018de65c5b0b29678a4f28cbdad47ca"}
,"/Users/qulongjun/personal/shine-design-rebase/src/components/ProgressBar/index.js": {"path":"/Users/qulongjun/personal/shine-design-rebase/src/components/ProgressBar/index.js","statementMap":{},"fnMap":{},"branchMap":{},"s":{},"f":{},"b":{},"_coverageSchema":"332fd63041d2c1bcb487cc26dd0d5f7d97098a6c","hash":"10efb5c21df8d13c00d8a4af00f1a03397ba5098"}
,"/Users/qulongjun/personal/shine-design-rebase/src/components/ProgressBar/Bar/index.js": {"path":"/Users/qulongjun/personal/shine-design-rebase/src/components/ProgressBar/Bar/index.js","statementMap":{"0":{"start":{"line":15,"column":86},"end":{"line":15,"column":96}},"1":{"start":{"line":16,"column":25},"end":{"line":16,"column":32}},"2":{"start":{"line":18,"column":20},"end":{"line":25,"column":5}},"3":{"start":{"line":27,"column":4},"end":{"line":30,"column":27}},"4":{"start":{"line":28,"column":6},"end":{"line":28,"column":25}},"5":{"start":{"line":29,"column":9},"end":{"line":30,"column":27}},"6":{"start":{"line":30,"column":6},"end":{"line":30,"column":27}},"7":{"start":{"line":33,"column":25},"end":{"line":33,"column":54}},"8":{"start":{"line":35,"column":4},"end":{"line":47,"column":6}},"9":{"start":{"line":51,"column":0},"end":{"line":66,"column":2}},"10":{"start":{"line":68,"column":0},"end":{"line":76,"column":2}},"11":{"start":{"line":70,"column":21},"end":{"line":70,"column":34}}},"fnMap":{"0":{"name":"(anonymous_0)","decl":{"start":{"line":14,"column":2},"end":{"line":14,"column":3}},"loc":{"start":{"line":14,"column":11},"end":{"line":48,"column":3}},"line":14},"1":{"name":"(anonymous_1)","decl":{"start":{"line":70,"column":10},"end":{"line":70,"column":11}},"loc":{"start":{"line":70,"column":21},"end":{"line":70,"column":34}},"line":70}},"branchMap":{"0":{"loc":{"start":{"line":21,"column":49},"end":{"line":21,"column":72}},"type":"binary-expr","locations":[{"start":{"line":21,"column":49},"end":{"line":21,"column":58}},{"start":{"line":21,"column":62},"end":{"line":21,"column":72}}],"line":21},"1":{"loc":{"start":{"line":27,"column":4},"end":{"line":30,"column":27}},"type":"if","locations":[{"start":{"line":27,"column":4},"end":{"line":30,"column":27}},{"start":{"line":27,"column":4},"end":{"line":30,"column":27}}],"line":27},"2":{"loc":{"start":{"line":29,"column":9},"end":{"line":30,"column":27}},"type":"if","locations":[{"start":{"line":29,"column":9},"end":{"line":30,"column":27}},{"start":{"line":29,"column":9},"end":{"line":30,"column":27}}],"line":29},"3":{"loc":{"start":{"line":45,"column":9},"end":{"line":45,"column":84}},"type":"binary-expr","locations":[{"start":{"line":45,"column":9},"end":{"line":45,"column":19}},{"start":{"line":45,"column":23},"end":{"line":45,"column":43}},{"start":{"line":45,"column":47},"end":{"line":45,"column":84}}],"line":45}},"s":{"0":55,"1":55,"2":55,"3":55,"4":7,"5":48,"6":10,"7":55,"8":55,"9":2,"10":2,"11":53},"f":{"0":55,"1":53},"b":{"0":[55,54],"1":[7,48],"2":[10,38],"3":[55,54,54]},"_coverageSchema":"332fd63041d2c1bcb487cc26dd0d5f7d97098a6c","hash":"aaf35c5b3ad39452bb274f3d9fe48eb1ee2e75a8"}
,"/Users/qulongjun/personal/shine-design-rebase/src/components/ProgressBar/Progress/index.js": {"path":"/Users/qulongjun/personal/shine-design-rebase/src/components/ProgressBar/Progress/index.js","statementMap":{"0":{"start":{"line":17,"column":54},"end":{"line":17,"column":64}},"1":{"start":{"line":19,"column":28},"end":{"line":19,"column":92}},"2":{"start":{"line":22,"column":20},"end":{"line":26,"column":5}},"3":{"start":{"line":28,"column":18},"end":{"line":28,"column":50}},"4":{"start":{"line":30,"column":4},"end":{"line":38,"column":6}},"5":{"start":{"line":42,"column":0},"end":{"line":49,"column":2}},"6":{"start":{"line":51,"column":0},"end":{"line":55,"column":2}}},"fnMap":{"0":{"name":"(anonymous_0)","decl":{"start":{"line":16,"column":2},"end":{"line":16,"column":3}},"loc":{"start":{"line":16,"column":11},"end":{"line":39,"column":3}},"line":16}},"branchMap":{"0":{"loc":{"start":{"line":19,"column":28},"end":{"line":19,"column":92}},"type":"binary-expr","locations":[{"start":{"line":19,"column":28},"end":{"line":19,"column":50}},{"start":{"line":19,"column":54},"end":{"line":19,"column":92}}],"line":19},"1":{"loc":{"start":{"line":28,"column":18},"end":{"line":28,"column":50}},"type":"cond-expr","locations":[{"start":{"line":28,"column":37},"end":{"line":28,"column":45}},{"start":{"line":28,"column":48},"end":{"line":28,"column":50}}],"line":28}},"s":{"0":10,"1":10,"2":10,"3":10,"4":10,"5":2,"6":2},"f":{"0":10},"b":{"0":[10,4],"1":[8,2]},"_coverageSchema":"332fd63041d2c1bcb487cc26dd0d5f7d97098a6c","hash":"8a38a18277d4698d18e30dcce6846346dbc96da6"}
}
