{"/Users/qulongjun/personal/shine-design-rebase/src/_variables.js": {"path":"/Users/qulongjun/personal/shine-design-rebase/src/_variables.js","statementMap":{"0":{"start":{"line":1,"column":0},"end":{"line":64,"column":2}}},"fnMap":{},"branchMap":{},"s":{"0":1},"f":{},"b":{},"_coverageSchema":"332fd63041d2c1bcb487cc26dd0d5f7d97098a6c","hash":"bbb8d9473080af76530d1e88795d000a7b9f896c"}
,"/Users/qulongjun/personal/shine-design-rebase/src/index.js": {"path":"/Users/qulongjun/personal/shine-design-rebase/src/index.js","statementMap":{"0":{"start":{"line":1,"column":0},"end":{"line":null,"column":-1}},"1":{"start":{"line":4,"column":0},"end":{"line":null,"column":-1}},"2":{"start":{"line":6,"column":0},"end":{"line":null,"column":-1}}},"fnMap":{},"branchMap":{},"s":{"0":0,"1":0,"2":0},"f":{},"b":{}}
,"/Users/qulongjun/personal/shine-design-rebase/src/components/Col/index.js": {"path":"/Users/qulongjun/personal/shine-design-rebase/src/components/Col/index.js","statementMap":{"0":{"start":{"line":7,"column":0},"end":{"line":null,"column":-1}},"1":{"start":{"line":8,"column":0},"end":{"line":null,"column":-1}},"2":{"start":{"line":9,"column":0},"end":{"line":null,"column":-1}},"3":{"start":{"line":10,"column":0},"end":{"line":null,"column":-1}},"4":{"start":{"line":11,"column":0},"end":{"line":null,"column":-1}},"5":{"start":{"line":12,"column":0},"end":{"line":null,"column":-1}},"6":{"start":{"line":15,"column":21},"end":{"line":null,"column":-1}},"7":{"start":{"line":16,"column":4},"end":{"line":null,"column":-1}},"8":{"start":{"line":18,"column":4},"end":{"line":null,"column":-1}},"9":{"start":{"line":28,"column":17},"end":{"line":28,"column":4}},"10":{"start":{"line":30,"column":4},"end":{"line":32,"column":5}},"11":{"start":{"line":31,"column":6},"end":{"line":null,"column":-1}},"12":{"start":{"line":34,"column":23},"end":{"line":34,"column":4}},"13":{"start":{"line":35,"column":4},"end":{"line":39,"column":5}},"14":{"start":{"line":36,"column":6},"end":{"line":null,"column":-1}},"15":{"start":{"line":37,"column":8},"end":{"line":null,"column":-1}},"16":{"start":{"line":41,"column":4},"end":{"line":null,"column":-1}},"17":{"start":{"line":45,"column":11},"end":{"line":null,"column":-1}},"18":{"start":{"line":46,"column":46},"end":{"line":45,"column":11}},"19":{"start":{"line":45,"column":11},"end":{"line":45,"column":10}},"20":{"start":{"line":47,"column":20},"end":{"line":47,"column":4}},"21":{"start":{"line":49,"column":20},"end":{"line":49,"column":4}},"22":{"start":{"line":50,"column":35},"end":{"line":null,"column":-1}},"23":{"start":{"line":53,"column":4},"end":{"line":null,"column":-1}},"24":{"start":{"line":64,"column":0},"end":{"line":null,"column":-1}},"25":{"start":{"line":87,"column":0},"end":{"line":null,"column":-1}}},"fnMap":{"0":{"name":"Col","decl":{"start":{"line":15,"column":2},"end":{"line":15,"column":13}},"loc":{"start":{"line":15,"column":21},"end":{"line":19,"column":3}}},"1":{"name":"(anonymous_20)","decl":{"start":{"line":36,"column":20},"end":{"line":36,"column":20}},"loc":{"start":{"line":36,"column":36},"end":{"line":36,"column":6}}},"2":{"name":"(anonymous_22)","decl":{"start":{"line":50,"column":31},"end":{"line":50,"column":30}},"loc":{"start":{"line":50,"column":35},"end":{"line":50,"column":16}}}},"branchMap":{"0":{"loc":{"start":{"line":30,"column":4},"end":{"line":32,"column":5}},"type":"if","locations":[{"start":{"line":30,"column":4},"end":{"line":32,"column":5}},{"start":{"line":30,"column":4},"end":{"line":32,"column":5}}]},"1":{"loc":{"start":{"line":30,"column":8},"end":{"line":30,"column":27}},"type":"binary-expr","locations":[{"start":{"line":30,"column":8},"end":{"line":30,"column":27}},{"start":{"line":30,"column":28},"end":{"line":30,"column":4}}]},"2":{"loc":{"start":{"line":35,"column":4},"end":{"line":39,"column":5}},"type":"if","locations":[{"start":{"line":35,"column":4},"end":{"line":39,"column":5}},{"start":{"line":35,"column":4},"end":{"line":39,"column":5}}]},"3":{"loc":{"start":{"line":37,"column":24},"end":{"line":37,"column":91}},"type":"cond-expr","locations":[{"start":{"line":37,"column":24},"end":{"line":37,"column":91}},{"start":{"line":37,"column":24},"end":{"line":37,"column":8}}]}},"s":{"0":0,"1":0,"2":0,"3":0,"4":0,"5":0,"6":0,"7":0,"8":0,"9":0,"10":0,"11":0,"12":0,"13":0,"14":0,"15":0,"16":0,"17":0,"18":0,"19":0,"20":0,"21":0,"22":0,"23":0,"24":0,"25":0},"f":{"0":0,"1":0,"2":0},"b":{"0":[0,0],"1":[0,0],"2":[0,0],"3":[0,0]}}
,"/Users/qulongjun/personal/shine-design-rebase/src/components/Grid/index.js": {"path":"/Users/qulongjun/personal/shine-design-rebase/src/components/Grid/index.js","statementMap":{"0":{"start":{"line":7,"column":0},"end":{"line":null,"column":-1}},"1":{"start":{"line":9,"column":0},"end":{"line":null,"column":-1}}},"fnMap":{},"branchMap":{},"s":{"0":0,"1":0},"f":{},"b":{}}
,"/Users/qulongjun/personal/shine-design-rebase/src/components/Grid/demo/index.js": {"path":"/Users/qulongjun/personal/shine-design-rebase/src/components/Grid/demo/index.js","statementMap":{"0":{"start":{"line":6,"column":0},"end":{"line":null,"column":-1}},"1":{"start":{"line":8,"column":19},"end":{"line":8,"column":0}}},"fnMap":{},"branchMap":{},"s":{"0":0,"1":0},"f":{},"b":{}}
,"/Users/qulongjun/personal/shine-design-rebase/src/components/Row/index.js": {"path":"/Users/qulongjun/personal/shine-design-rebase/src/components/Row/index.js","statementMap":{"0":{"start":{"line":15,"column":14},"end":{"line":15,"column":22}},"1":{"start":{"line":17,"column":14},"end":{"line":17,"column":41}},"2":{"start":{"line":19,"column":16},"end":{"line":19,"column":75}},"3":{"start":{"line":30,"column":8},"end":{"line":30,"column":18}},"4":{"start":{"line":33,"column":20},"end":{"line":41,"column":5}},"5":{"start":{"line":43,"column":4},"end":{"line":50,"column":6}},"6":{"start":{"line":54,"column":0},"end":{"line":65,"column":2}},"7":{"start":{"line":67,"column":0},"end":{"line":73,"column":2}}},"fnMap":{"0":{"name":"(anonymous_0)","decl":{"start":{"line":23,"column":2},"end":{"line":23,"column":3}},"loc":{"start":{"line":23,"column":11},"end":{"line":51,"column":3}},"line":23}},"branchMap":{},"s":{"0":1,"1":1,"2":1,"3":1,"4":1,"5":1,"6":1,"7":1},"f":{"0":1},"b":{},"_coverageSchema":"332fd63041d2c1bcb487cc26dd0d5f7d97098a6c","hash":"42fa89b2c90019d4748180266a3af2351344a208"}
,"/Users/qulongjun/personal/shine-design-rebase/src/configs/media.js": {"path":"/Users/qulongjun/personal/shine-design-rebase/src/configs/media.js","statementMap":{"0":{"start":{"line":6,"column":0},"end":{"line":null,"column":-1}},"1":{"start":{"line":9,"column":21},"end":{"line":9,"column":7}},"2":{"start":{"line":12,"column":21},"end":{"line":12,"column":7}}},"fnMap":{},"branchMap":{},"s":{"0":0,"1":0,"2":0},"f":{},"b":{}}
}
