TN:
SF:/Users/qulongjun/personal/shine-design-rebase/src/_variables.js
FNF:0
FNH:0
DA:1,1
LF:1
LH:1
BRF:0
BRH:0
end_of_record
TN:
SF:/Users/qulongjun/personal/shine-design-rebase/src/index.js
FNF:0
FNH:0
DA:1,0
DA:4,0
DA:6,0
LF:3
LH:0
BRF:0
BRH:0
end_of_record
TN:
SF:/Users/qulongjun/personal/shine-design-rebase/src/components/Col/index.js
FN:15,Col
FN:36,(anonymous_20)
FN:50,(anonymous_22)
FNF:3
FNH:0
FNDA:0,Col
FNDA:0,(anonymous_20)
FNDA:0,(anonymous_22)
DA:7,0
DA:8,0
DA:9,0
DA:10,0
DA:11,0
DA:12,0
DA:15,0
DA:16,0
DA:18,0
DA:28,0
DA:30,0
DA:31,0
DA:34,0
DA:35,0
DA:36,0
DA:37,0
DA:41,0
DA:45,0
DA:46,0
DA:47,0
DA:49,0
DA:50,0
DA:53,0
DA:64,0
DA:87,0
LF:25
LH:0
BRDA:30,0,0,0
BRDA:30,0,1,0
BRDA:30,1,0,0
BRDA:30,1,1,0
BRDA:35,2,0,0
BRDA:35,2,1,0
BRDA:37,3,0,0
BRDA:37,3,1,0
BRF:8
BRH:0
end_of_record
TN:
SF:/Users/qulongjun/personal/shine-design-rebase/src/components/Grid/index.js
FNF:0
FNH:0
DA:7,0
DA:9,0
LF:2
LH:0
BRF:0
BRH:0
end_of_record
TN:
SF:/Users/qulongjun/personal/shine-design-rebase/src/components/Grid/demo/index.js
FNF:0
FNH:0
DA:6,0
DA:8,0
LF:2
LH:0
BRF:0
BRH:0
end_of_record
TN:
SF:/Users/qulongjun/personal/shine-design-rebase/src/components/Row/index.js
FN:23,(anonymous_0)
FNF:1
FNH:1
FNDA:1,(anonymous_0)
DA:15,1
DA:17,1
DA:19,1
DA:30,1
DA:33,1
DA:43,1
DA:54,1
DA:67,1
LF:8
LH:8
BRF:0
BRH:0
end_of_record
TN:
SF:/Users/qulongjun/personal/shine-design-rebase/src/configs/media.js
FNF:0
FNH:0
DA:6,0
DA:9,0
DA:12,0
LF:3
LH:0
BRF:0
BRH:0
end_of_record
